togethor/build/outputs/logs/manifest-merger-debug-report.txt
-- Merging decision tree log ---
manifest
ADDED from AndroidManifest.xml:1:1
	xmlns:android
		ADDED from AndroidManifest.xml:1:11
	package
		ADDED from AndroidManifest.xml:2:5
		INJECTED from AndroidManifest.xml:0:0
		INJECTED from AndroidManifest.xml:0:0
	android:versionName
		ADDED from AndroidManifest.xml:4:5
	android:versionCode
		ADDED from AndroidManifest.xml:3:5
		INJECTED from AndroidManifest.xml:0:0
		INJECTED from AndroidManifest.xml:0:0
uses-sdk
ADDED from AndroidManifest.xml:6:5
MERGED from Togethor1:volley:unspecified:7:5
MERGED from com.android.support:appcompat-v7:19.0.0:18:5
	android:targetSdkVersion
		ADDED from AndroidManifest.xml:8:9
		INJECTED from AndroidManifest.xml:0:0
		INJECTED from AndroidManifest.xml:0:0
	android:minSdkVersion
		ADDED from AndroidManifest.xml:7:9
		INJECTED from AndroidManifest.xml:0:0
		INJECTED from AndroidManifest.xml:0:0
uses-permission#android.permission.ACCESS_COARSE_LOCATION
ADDED from AndroidManifest.xml:12:2
	android:name
		ADDED from AndroidManifest.xml:12:19
uses-permission#android.permission.ACCESS_FINE_LOCATION
ADDED from AndroidManifest.xml:14:2
	android:name
		ADDED from AndroidManifest.xml:14:19
uses-permission#android.permission.ACCESS_WIFI_STATE
ADDED from AndroidManifest.xml:16:2
	android:name
		ADDED from AndroidManifest.xml:16:19
uses-permission#android.permission.ACCESS_NETWORK_STATE
ADDED from AndroidManifest.xml:18:2
	android:name
		ADDED from AndroidManifest.xml:18:19
uses-permission#android.permission.CHANGE_WIFI_STATE
ADDED from AndroidManifest.xml:20:2
	android:name
		ADDED from AndroidManifest.xml:20:19
uses-permission#android.permission.READ_PHONE_STATE
ADDED from AndroidManifest.xml:22:2
	android:name
		ADDED from AndroidManifest.xml:22:19
uses-permission#android.permission.INTERNET
ADDED from AndroidManifest.xml:24:2
	android:name
		ADDED from AndroidManifest.xml:24:19
uses-permission#android.permission.WRITE_EXTERNAL_STORAGE
ADDED from AndroidManifest.xml:26:2
	android:name
		ADDED from AndroidManifest.xml:26:19
uses-permission#android.permission.WAKE_LOCK
ADDED from AndroidManifest.xml:28:2
	android:name
		ADDED from AndroidManifest.xml:28:19
uses-permission#android.permission.SYSTEM_ALERT_WINDOW
ADDED from AndroidManifest.xml:29:2
	android:name
		ADDED from AndroidManifest.xml:29:19
uses-permission#android.permission.WRITE_SMS
ADDED from AndroidManifest.xml:30:2
	android:name
		ADDED from AndroidManifest.xml:30:19
uses-permission#android.permission.READ_SMS
ADDED from AndroidManifest.xml:31:2
	android:name
		ADDED from AndroidManifest.xml:31:19
uses-permission#android.permission.GET_TASKS
ADDED from AndroidManifest.xml:32:2
	android:name
		ADDED from AndroidManifest.xml:32:19
uses-permission#android.permission.VIBRATE
ADDED from AndroidManifest.xml:33:2
	android:name
		ADDED from AndroidManifest.xml:33:19
uses-permission#com.android.together.permission.SINA_PUSH
ADDED from AndroidManifest.xml:34:2
	android:name
		ADDED from AndroidManifest.xml:34:19
permission#com.android.together.activity.permission.SINA_PUSH
ADDED from AndroidManifest.xml:37:2
	android:protectionLevel
		ADDED from AndroidManifest.xml:39:3
	android:name
		ADDED from AndroidManifest.xml:38:3
application
ADDED from AndroidManifest.xml:41:5
MERGED from Togethor1:volley:unspecified:11:5
MERGED from com.android.support:appcompat-v7:19.0.0:19:5
	android:label
		ADDED from AndroidManifest.xml:45:9
	android:allowBackup
		ADDED from AndroidManifest.xml:42:9
	android:icon
		ADDED from AndroidManifest.xml:44:9
	android:theme
		ADDED from AndroidManifest.xml:46:9
	android:name
		ADDED from AndroidManifest.xml:43:9
activity#com.android.togethor.activity.WelComeActivity
ADDED from AndroidManifest.xml:49:9
	android:windowSoftInputMode
		ADDED from AndroidManifest.xml:53:13
	android:screenOrientation
		ADDED from AndroidManifest.xml:52:13
	android:label
		ADDED from AndroidManifest.xml:51:13
	android:name
		ADDED from AndroidManifest.xml:50:13
intent-filter#android.intent.action.MAIN+android.intent.category.LAUNCHER
ADDED from AndroidManifest.xml:54:13
action#android.intent.action.MAIN
ADDED from AndroidManifest.xml:55:17
	android:name
		ADDED from AndroidManifest.xml:55:25
category#android.intent.category.LAUNCHER
ADDED from AndroidManifest.xml:57:17
	android:name
		ADDED from AndroidManifest.xml:57:27
activity#com.android.togethor.activity.LoginActivity
ADDED from AndroidManifest.xml:61:9
	android:windowSoftInputMode
		ADDED from AndroidManifest.xml:62:11
	android:screenOrientation
		ADDED from AndroidManifest.xml:63:11
	android:theme
		ADDED from AndroidManifest.xml:61:78
	android:name
		ADDED from AndroidManifest.xml:61:19
activity#com.android.togethor.activity.RegisterActivity
ADDED from AndroidManifest.xml:65:9
	android:windowSoftInputMode
		ADDED from AndroidManifest.xml:66:11
	android:screenOrientation
		ADDED from AndroidManifest.xml:67:11
	android:theme
		ADDED from AndroidManifest.xml:65:81
	android:name
		ADDED from AndroidManifest.xml:65:19
activity#com.android.togethor.activity.NearLineActivity
ADDED from AndroidManifest.xml:69:9
	android:windowSoftInputMode
		ADDED from AndroidManifest.xml:70:11
	android:screenOrientation
		ADDED from AndroidManifest.xml:71:11
	android:theme
		ADDED from AndroidManifest.xml:69:81
	android:name
		ADDED from AndroidManifest.xml:69:19
activity#com.android.togethor.activity.PublishLineActivity
ADDED from AndroidManifest.xml:73:9
	android:windowSoftInputMode
		ADDED from AndroidManifest.xml:74:11
	android:screenOrientation
		ADDED from AndroidManifest.xml:75:11
	android:theme
		ADDED from AndroidManifest.xml:73:84
	android:name
		ADDED from AndroidManifest.xml:73:19
activity#com.android.togethor.activity.SearchLineActivity
ADDED from AndroidManifest.xml:77:9
	android:windowSoftInputMode
		ADDED from AndroidManifest.xml:78:11
	android:screenOrientation
		ADDED from AndroidManifest.xml:79:11
	android:theme
		ADDED from AndroidManifest.xml:77:83
	android:name
		ADDED from AndroidManifest.xml:77:19
activity#com.android.togethor.activity.SearchActivity
ADDED from AndroidManifest.xml:81:9
	android:windowSoftInputMode
		ADDED from AndroidManifest.xml:82:11
	android:screenOrientation
		ADDED from AndroidManifest.xml:83:11
	android:theme
		ADDED from AndroidManifest.xml:81:79
	android:name
		ADDED from AndroidManifest.xml:81:19
activity#com.android.togethor.activity.LineDetailActivity
ADDED from AndroidManifest.xml:85:9
	android:windowSoftInputMode
		ADDED from AndroidManifest.xml:86:11
	android:screenOrientation
		ADDED from AndroidManifest.xml:87:11
	android:theme
		ADDED from AndroidManifest.xml:85:83
	android:name
		ADDED from AndroidManifest.xml:85:19
activity#com.android.togethor.activity.PassengerWaitingActivity
ADDED from AndroidManifest.xml:89:9
	android:windowSoftInputMode
		ADDED from AndroidManifest.xml:90:11
	android:screenOrientation
		ADDED from AndroidManifest.xml:91:11
	android:theme
		ADDED from AndroidManifest.xml:89:89
	android:name
		ADDED from AndroidManifest.xml:89:19
activity#com.android.togethor.activity.DriverWaitingActivity
ADDED from AndroidManifest.xml:93:9
	android:windowSoftInputMode
		ADDED from AndroidManifest.xml:94:11
	android:screenOrientation
		ADDED from AndroidManifest.xml:95:11
	android:theme
		ADDED from AndroidManifest.xml:93:86
	android:name
		ADDED from AndroidManifest.xml:93:19
activity#com.android.togethor.activity.DateAndTimePicker
ADDED from AndroidManifest.xml:97:9
	android:windowSoftInputMode
		ADDED from AndroidManifest.xml:98:11
	android:screenOrientation
		ADDED from AndroidManifest.xml:99:11
	android:theme
		ADDED from AndroidManifest.xml:97:82
	android:name
		ADDED from AndroidManifest.xml:97:19
activity#com.android.togethor.activity.NavigationActivity
ADDED from AndroidManifest.xml:101:9
	android:windowSoftInputMode
		ADDED from AndroidManifest.xml:102:11
	android:screenOrientation
		ADDED from AndroidManifest.xml:103:11
	android:theme
		ADDED from AndroidManifest.xml:101:83
	android:name
		ADDED from AndroidManifest.xml:101:19
activity#com.android.togethor.activity.EndLineActivity
ADDED from AndroidManifest.xml:105:9
	android:windowSoftInputMode
		ADDED from AndroidManifest.xml:106:11
	android:screenOrientation
		ADDED from AndroidManifest.xml:107:11
	android:theme
		ADDED from AndroidManifest.xml:105:80
	android:name
		ADDED from AndroidManifest.xml:105:19
meta-data#com.baidu.lbsapi.API_KEY
ADDED from AndroidManifest.xml:109:9
	android:name
		ADDED from AndroidManifest.xml:110:13
	android:value
		ADDED from AndroidManifest.xml:111:13
service#com.baidu.location.f
ADDED from AndroidManifest.xml:113:9
	android:process
		ADDED from AndroidManifest.xml:116:13
	android:enabled
		ADDED from AndroidManifest.xml:115:13
	android:name
		ADDED from AndroidManifest.xml:114:13
service#com.sina.push.service.SinaPushService
ADDED from AndroidManifest.xml:124:3
	android:label
		ADDED from AndroidManifest.xml:126:4
	android:process
		ADDED from AndroidManifest.xml:128:4
	android:permission
		ADDED from AndroidManifest.xml:127:4
	android:name
		ADDED from AndroidManifest.xml:125:4
intent-filter#android.category.DEFAULT+sina.push.action.service.24003
ADDED from AndroidManifest.xml:130:4
action#sina.push.action.service.24003
ADDED from AndroidManifest.xml:136:5
	android:name
		ADDED from AndroidManifest.xml:136:13
category#android.category.DEFAULT
ADDED from AndroidManifest.xml:137:6
	android:name
		ADDED from AndroidManifest.xml:137:16
receiver#com.sina.push.receiver.PushSDKReceiver
ADDED from AndroidManifest.xml:144:3
	android:name
		ADDED from AndroidManifest.xml:144:13
intent-filter#android.intent.action.BOOT_COMPLETED+android.net.conn.CONNECTIVITY_CHANGE
ADDED from AndroidManifest.xml:145:4
action#android.net.conn.CONNECTIVITY_CHANGE
ADDED from AndroidManifest.xml:146:5
	android:name
		ADDED from AndroidManifest.xml:146:13
action#android.intent.action.BOOT_COMPLETED
ADDED from AndroidManifest.xml:147:5
	android:name
		ADDED from AndroidManifest.xml:147:13
receiver#com.android.together.broadcast.SDKMsgReceiver
ADDED from AndroidManifest.xml:154:3
	android:exported
		ADDED from AndroidManifest.xml:156:7
	android:name
		ADDED from AndroidManifest.xml:155:7
intent-filter#com.sina.push.msg.broadcast.24003
ADDED from AndroidManifest.xml:157:4
action#com.sina.push.msg.broadcast.24003
ADDED from AndroidManifest.xml:158:5
	android:name
		ADDED from AndroidManifest.xml:158:13
provider#com.sina.push.datacenter.PushProvider
ADDED from AndroidManifest.xml:161:3
	android:multiprocess
		ADDED from AndroidManifest.xml:164:4
	android:process
		ADDED from AndroidManifest.xml:162:4
	android:exported
		ADDED from AndroidManifest.xml:163:4
	android:authorities
		ADDED from AndroidManifest.xml:165:4
	android:name
		ADDED from AndroidManifest.xml:161:13
meta-data#sinapush_appid
ADDED from AndroidManifest.xml:167:3
	android:name
		ADDED from AndroidManifest.xml:167:14
	android:value
		ADDED from AndroidManifest.xml:167:44